<?xml version="1.0" encoding="UTF-8"?>
<coverage generated="1763913642008" clover="3.2.0">
  <project timestamp="1763913642008" name="All files">
    <metrics statements="64" coveredstatements="57" conditionals="37" coveredconditionals="24" methods="11" coveredmethods="11" elements="112" coveredelements="92" complexity="0" loc="64" ncloc="64" packages="1" files="2" classes="2"/>
    <file name="pokemonDom.js" path="C:\Users\gabou\Desktop\Pokedex\utils\pokemonDom.js">
      <metrics statements="31" coveredstatements="31" conditionals="4" coveredconditionals="3" methods="6" coveredmethods="6"/>
      <line num="1" count="1" type="stmt"/>
      <line num="5" count="2" type="stmt"/>
      <line num="6" count="2" type="stmt"/>
      <line num="8" count="2" type="stmt"/>
      <line num="10" count="2" type="stmt"/>
      <line num="12" count="2" type="stmt"/>
      <line num="13" count="2" type="cond" truecount="2" falsecount="0"/>
      <line num="14" count="1" type="stmt"/>
      <line num="20" count="6" type="stmt"/>
      <line num="32" count="2" type="stmt"/>
      <line num="40" count="2" type="stmt"/>
      <line num="45" count="1" type="stmt"/>
      <line num="46" count="1" type="stmt"/>
      <line num="48" count="1" type="stmt"/>
      <line num="49" count="1" type="stmt"/>
      <line num="56" count="1" type="stmt"/>
      <line num="58" count="1" type="stmt"/>
      <line num="59" count="1" type="stmt"/>
      <line num="65" count="1" type="stmt"/>
      <line num="66" count="1" type="stmt"/>
      <line num="68" count="1" type="stmt"/>
      <line num="69" count="1" type="stmt"/>
      <line num="76" count="1" type="stmt"/>
      <line num="81" count="1" type="stmt"/>
      <line num="82" count="1" type="stmt"/>
      <line num="84" count="1" type="stmt"/>
      <line num="85" count="1" type="stmt"/>
      <line num="87" count="1" type="stmt"/>
      <line num="88" count="1" type="cond" truecount="1" falsecount="1"/>
      <line num="90" count="1" type="stmt"/>
      <line num="96" count="1" type="stmt"/>
    </file>
    <file name="pokemonUtils.js" path="C:\Users\gabou\Desktop\Pokedex\utils\pokemonUtils.js">
      <metrics statements="33" coveredstatements="26" conditionals="33" coveredconditionals="21" methods="5" coveredmethods="5"/>
      <line num="2" count="2020" type="stmt"/>
      <line num="4" count="2020" type="stmt"/>
      <line num="9" count="7" type="stmt"/>
      <line num="10" count="7" type="stmt"/>
      <line num="11" count="7" type="cond" truecount="2" falsecount="0"/>
      <line num="12" count="6" type="stmt"/>
      <line num="15" count="7" type="stmt"/>
      <line num="16" count="7" type="stmt"/>
      <line num="18" count="7" type="cond" truecount="2" falsecount="0"/>
      <line num="19" count="6" type="cond" truecount="2" falsecount="0"/>
      <line num="21" count="2" type="stmt"/>
      <line num="22" count="1034" type="stmt"/>
      <line num="23" count="1034" type="stmt"/>
      <line num="24" count="1034" type="cond" truecount="4" falsecount="0"/>
      <line num="25" count="6" type="stmt"/>
      <line num="27" count="1034" type="cond" truecount="2" falsecount="0"/>
      <line num="31" count="4" type="stmt"/>
      <line num="32" count="80" type="stmt"/>
      <line num="33" count="80" type="cond" truecount="4" falsecount="0"/>
      <line num="34" count="4" type="stmt"/>
      <line num="36" count="80" type="cond" truecount="1" falsecount="1"/>
      <line num="41" count="6" type="cond" truecount="3" falsecount="1"/>
      <line num="42" count="0" type="stmt"/>
      <line num="43" count="0" type="stmt"/>
      <line num="44" count="0" type="cond" truecount="0" falsecount="5"/>
      <line num="45" count="0" type="stmt"/>
      <line num="48" count="0" type="stmt"/>
      <line num="49" count="0" type="cond" truecount="0" falsecount="5"/>
      <line num="50" count="0" type="stmt"/>
      <line num="55" count="7" type="stmt"/>
      <line num="60" count="4" type="stmt"/>
      <line num="61" count="6" type="stmt"/>
      <line num="65" count="2" type="stmt"/>
    </file>
  </project>
</coverage>
