<?xml version="1.0" encoding="UTF-8"?>
<coverage generated="1759149292260" clover="3.2.0">
  <project timestamp="1759149292260" name="All files">
    <metrics statements="55" coveredstatements="48" conditionals="28" coveredconditionals="16" methods="10" coveredmethods="10" elements="93" coveredelements="74" complexity="0" loc="55" ncloc="55" packages="1" files="2" classes="2"/>
    <file name="pokemonDom.js" path="C:\Users\gabou\Desktop\Pokedex\utils\pokemonDom.js">
      <metrics statements="31" coveredstatements="31" conditionals="4" coveredconditionals="3" methods="6" coveredmethods="6"/>
      <line num="1" count="1" type="stmt"/>
      <line num="5" count="2" type="stmt"/>
      <line num="6" count="2" type="stmt"/>
      <line num="8" count="2" type="stmt"/>
      <line num="10" count="2" type="stmt"/>
      <line num="12" count="2" type="stmt"/>
      <line num="13" count="2" type="cond" truecount="2" falsecount="0"/>
      <line num="14" count="1" type="stmt"/>
      <line num="20" count="6" type="stmt"/>
      <line num="32" count="2" type="stmt"/>
      <line num="40" count="2" type="stmt"/>
      <line num="45" count="1" type="stmt"/>
      <line num="46" count="1" type="stmt"/>
      <line num="48" count="1" type="stmt"/>
      <line num="49" count="1" type="stmt"/>
      <line num="56" count="1" type="stmt"/>
      <line num="58" count="1" type="stmt"/>
      <line num="59" count="1" type="stmt"/>
      <line num="65" count="1" type="stmt"/>
      <line num="66" count="1" type="stmt"/>
      <line num="68" count="1" type="stmt"/>
      <line num="69" count="1" type="stmt"/>
      <line num="76" count="1" type="stmt"/>
      <line num="81" count="1" type="stmt"/>
      <line num="82" count="1" type="stmt"/>
      <line num="84" count="1" type="stmt"/>
      <line num="85" count="1" type="stmt"/>
      <line num="87" count="1" type="stmt"/>
      <line num="88" count="1" type="cond" truecount="1" falsecount="1"/>
      <line num="90" count="1" type="stmt"/>
      <line num="96" count="1" type="stmt"/>
    </file>
    <file name="pokemonUtils.js" path="C:\Users\gabou\Desktop\Pokedex\utils\pokemonUtils.js">
      <metrics statements="24" coveredstatements="17" conditionals="24" coveredconditionals="13" methods="4" coveredmethods="4"/>
      <line num="2" count="2020" type="stmt"/>
      <line num="6" count="7" type="stmt"/>
      <line num="7" count="7" type="cond" truecount="2" falsecount="0"/>
      <line num="8" count="6" type="stmt"/>
      <line num="11" count="7" type="stmt"/>
      <line num="12" count="7" type="stmt"/>
      <line num="14" count="7" type="cond" truecount="2" falsecount="0"/>
      <line num="15" count="6" type="stmt"/>
      <line num="16" count="2186" type="stmt"/>
      <line num="17" count="2186" type="cond" truecount="4" falsecount="0"/>
      <line num="18" count="24" type="stmt"/>
      <line num="20" count="2186" type="cond" truecount="2" falsecount="0"/>
      <line num="23" count="6" type="cond" truecount="3" falsecount="1"/>
      <line num="24" count="0" type="stmt"/>
      <line num="25" count="0" type="stmt"/>
      <line num="26" count="0" type="cond" truecount="0" falsecount="5"/>
      <line num="27" count="0" type="stmt"/>
      <line num="30" count="0" type="stmt"/>
      <line num="31" count="0" type="cond" truecount="0" falsecount="5"/>
      <line num="32" count="0" type="stmt"/>
      <line num="37" count="7" type="stmt"/>
      <line num="42" count="4" type="stmt"/>
      <line num="43" count="6" type="stmt"/>
      <line num="47" count="2" type="stmt"/>
    </file>
  </project>
</coverage>
