{"C:\\Users\\gabou\\Desktop\\Pokedex\\utils\\pokemonDom.js": {"path":"C:\\Users\\gabou\\Desktop\\Pokedex\\utils\\pokemonDom.js","statementMap":{"0":{"start":{"line":1,"column":27},"end":{"line":1,"column":52}},"1":{"start":{"line":5,"column":23},"end":{"line":5,"column":62}},"2":{"start":{"line":6,"column":22},"end":{"line":6,"column":60}},"3":{"start":{"line":8,"column":2},"end":{"line":8,"column":39}},"4":{"start":{"line":10,"column":22},"end":{"line":10,"column":43}},"5":{"start":{"line":12,"column":23},"end":{"line":12,"column":25}},"6":{"start":{"line":13,"column":2},"end":{"line":30,"column":3}},"7":{"start":{"line":14,"column":4},"end":{"line":29,"column":6}},"8":{"start":{"line":20,"column":22},"end":{"line":24,"column":11}},"9":{"start":{"line":32,"column":2},"end":{"line":38,"column":4}},"10":{"start":{"line":40,"column":2},"end":{"line":40,"column":41}},"11":{"start":{"line":45,"column":22},"end":{"line":45,"column":60}},"12":{"start":{"line":46,"column":23},"end":{"line":46,"column":62}},"13":{"start":{"line":48,"column":2},"end":{"line":48,"column":39}},"14":{"start":{"line":49,"column":2},"end":{"line":55,"column":4}},"15":{"start":{"line":56,"column":2},"end":{"line":56,"column":41}},"16":{"start":{"line":58,"column":2},"end":{"line":60,"column":10}},"17":{"start":{"line":59,"column":4},"end":{"line":59,"column":52}},"18":{"start":{"line":65,"column":22},"end":{"line":65,"column":60}},"19":{"start":{"line":66,"column":23},"end":{"line":66,"column":62}},"20":{"start":{"line":68,"column":2},"end":{"line":68,"column":39}},"21":{"start":{"line":69,"column":2},"end":{"line":75,"column":4}},"22":{"start":{"line":76,"column":2},"end":{"line":76,"column":41}},"23":{"start":{"line":81,"column":15},"end":{"line":81,"column":53}},"24":{"start":{"line":82,"column":23},"end":{"line":82,"column":62}},"25":{"start":{"line":84,"column":2},"end":{"line":84,"column":31}},"26":{"start":{"line":85,"column":2},"end":{"line":85,"column":42}},"27":{"start":{"line":87,"column":16},"end":{"line":87,"column":55}},"28":{"start":{"line":88,"column":2},"end":{"line":88,"column":30}},"29":{"start":{"line":88,"column":13},"end":{"line":88,"column":30}},"30":{"start":{"line":90,"column":2},"end":{"line":93,"column":5}},"31":{"start":{"line":96,"column":0},"end":{"line":101,"column":2}}},"fnMap":{"0":{"name":"showPokemonNotFound","decl":{"start":{"line":4,"column":9},"end":{"line":4,"column":28}},"loc":{"start":{"line":4,"column":36},"end":{"line":41,"column":1}},"line":4},"1":{"name":"(anonymous_1)","decl":{"start":{"line":20,"column":14},"end":{"line":20,"column":15}},"loc":{"start":{"line":20,"column":22},"end":{"line":24,"column":11}},"line":20},"2":{"name":"showEmptySearchError","decl":{"start":{"line":44,"column":9},"end":{"line":44,"column":29}},"loc":{"start":{"line":44,"column":32},"end":{"line":61,"column":1}},"line":44},"3":{"name":"(anonymous_3)","decl":{"start":{"line":58,"column":13},"end":{"line":58,"column":14}},"loc":{"start":{"line":58,"column":19},"end":{"line":60,"column":3}},"line":58},"4":{"name":"showTimeoutError","decl":{"start":{"line":64,"column":9},"end":{"line":64,"column":25}},"loc":{"start":{"line":64,"column":28},"end":{"line":77,"column":1}},"line":64},"5":{"name":"showDefaultCards","decl":{"start":{"line":80,"column":9},"end":{"line":80,"column":25}},"loc":{"start":{"line":80,"column":28},"end":{"line":94,"column":1}},"line":80}},"branchMap":{"0":{"loc":{"start":{"line":13,"column":2},"end":{"line":30,"column":3}},"type":"if","locations":[{"start":{"line":13,"column":2},"end":{"line":30,"column":3}},{"start":{},"end":{}}],"line":13},"1":{"loc":{"start":{"line":88,"column":2},"end":{"line":88,"column":30}},"type":"if","locations":[{"start":{"line":88,"column":2},"end":{"line":88,"column":30}},{"start":{},"end":{}}],"line":88}},"s":{"0":1,"1":2,"2":2,"3":2,"4":2,"5":2,"6":2,"7":1,"8":6,"9":2,"10":2,"11":1,"12":1,"13":1,"14":1,"15":1,"16":1,"17":1,"18":1,"19":1,"20":1,"21":1,"22":1,"23":1,"24":1,"25":1,"26":1,"27":1,"28":1,"29":1,"30":1,"31":1},"f":{"0":2,"1":6,"2":1,"3":1,"4":1,"5":1},"b":{"0":[1,1],"1":[1,0]},"_coverageSchema":"1a1c01bbd47fc00a2c39e90264f33305004495a9","hash":"27f4637222cb438faf70d3f2292a55340ee146d7"}
,"C:\\Users\\gabou\\Desktop\\Pokedex\\utils\\pokemonUtils.js": {"path":"C:\\Users\\gabou\\Desktop\\Pokedex\\utils\\pokemonUtils.js","statementMap":{"0":{"start":{"line":2,"column":20},"end":{"line":2,"column":63}},"1":{"start":{"line":2,"column":57},"end":{"line":2,"column":62}},"2":{"start":{"line":6,"column":23},"end":{"line":6,"column":28}},"3":{"start":{"line":7,"column":2},"end":{"line":9,"column":3}},"4":{"start":{"line":8,"column":4},"end":{"line":8,"column":52}},"5":{"start":{"line":11,"column":19},"end":{"line":11,"column":44}},"6":{"start":{"line":12,"column":22},"end":{"line":12,"column":24}},"7":{"start":{"line":14,"column":2},"end":{"line":35,"column":3}},"8":{"start":{"line":15,"column":4},"end":{"line":21,"column":5}},"9":{"start":{"line":16,"column":20},"end":{"line":16,"column":33}},"10":{"start":{"line":17,"column":6},"end":{"line":19,"column":7}},"11":{"start":{"line":18,"column":8},"end":{"line":18,"column":29}},"12":{"start":{"line":20,"column":6},"end":{"line":20,"column":41}},"13":{"start":{"line":20,"column":35},"end":{"line":20,"column":41}},"14":{"start":{"line":23,"column":4},"end":{"line":34,"column":5}},"15":{"start":{"line":24,"column":26},"end":{"line":24,"column":51}},"16":{"start":{"line":25,"column":24},"end":{"line":25,"column":45}},"17":{"start":{"line":26,"column":6},"end":{"line":28,"column":7}},"18":{"start":{"line":27,"column":8},"end":{"line":27,"column":36}},"19":{"start":{"line":30,"column":23},"end":{"line":30,"column":41}},"20":{"start":{"line":31,"column":6},"end":{"line":33,"column":7}},"21":{"start":{"line":32,"column":8},"end":{"line":32,"column":35}},"22":{"start":{"line":37,"column":2},"end":{"line":37,"column":33}},"23":{"start":{"line":42,"column":2},"end":{"line":44,"column":14}},"24":{"start":{"line":43,"column":4},"end":{"line":43,"column":62}},"25":{"start":{"line":47,"column":0},"end":{"line":47,"column":52}}},"fnMap":{"0":{"name":"(anonymous_0)","decl":{"start":{"line":2,"column":47},"end":{"line":2,"column":48}},"loc":{"start":{"line":2,"column":57},"end":{"line":2,"column":62}},"line":2},"1":{"name":"findSimilarIds","decl":{"start":{"line":5,"column":9},"end":{"line":5,"column":23}},"loc":{"start":{"line":5,"column":31},"end":{"line":38,"column":1}},"line":5},"2":{"name":"capitalizeName","decl":{"start":{"line":41,"column":9},"end":{"line":41,"column":23}},"loc":{"start":{"line":41,"column":30},"end":{"line":45,"column":1}},"line":41},"3":{"name":"(anonymous_3)","decl":{"start":{"line":42,"column":29},"end":{"line":42,"column":30}},"loc":{"start":{"line":43,"column":4},"end":{"line":43,"column":62}},"line":43}},"branchMap":{"0":{"loc":{"start":{"line":7,"column":2},"end":{"line":9,"column":3}},"type":"if","locations":[{"start":{"line":7,"column":2},"end":{"line":9,"column":3}},{"start":{},"end":{}}],"line":7},"1":{"loc":{"start":{"line":14,"column":2},"end":{"line":35,"column":3}},"type":"if","locations":[{"start":{"line":14,"column":2},"end":{"line":35,"column":3}},{"start":{},"end":{}}],"line":14},"2":{"loc":{"start":{"line":17,"column":6},"end":{"line":19,"column":7}},"type":"if","locations":[{"start":{"line":17,"column":6},"end":{"line":19,"column":7}},{"start":{},"end":{}}],"line":17},"3":{"loc":{"start":{"line":17,"column":10},"end":{"line":17,"column":64}},"type":"binary-expr","locations":[{"start":{"line":17,"column":10},"end":{"line":17,"column":34}},{"start":{"line":17,"column":38},"end":{"line":17,"column":64}}],"line":17},"4":{"loc":{"start":{"line":20,"column":6},"end":{"line":20,"column":41}},"type":"if","locations":[{"start":{"line":20,"column":6},"end":{"line":20,"column":41}},{"start":{},"end":{}}],"line":20},"5":{"loc":{"start":{"line":23,"column":4},"end":{"line":34,"column":5}},"type":"if","locations":[{"start":{"line":23,"column":4},"end":{"line":34,"column":5}},{"start":{},"end":{}}],"line":23},"6":{"loc":{"start":{"line":23,"column":8},"end":{"line":23,"column":56}},"type":"binary-expr","locations":[{"start":{"line":23,"column":8},"end":{"line":23,"column":32}},{"start":{"line":23,"column":36},"end":{"line":23,"column":56}}],"line":23},"7":{"loc":{"start":{"line":26,"column":6},"end":{"line":28,"column":7}},"type":"if","locations":[{"start":{"line":26,"column":6},"end":{"line":28,"column":7}},{"start":{},"end":{}}],"line":26},"8":{"loc":{"start":{"line":26,"column":10},"end":{"line":26,"column":82}},"type":"binary-expr","locations":[{"start":{"line":26,"column":10},"end":{"line":26,"column":24}},{"start":{"line":26,"column":28},"end":{"line":26,"column":45}},{"start":{"line":26,"column":49},"end":{"line":26,"column":82}}],"line":26},"9":{"loc":{"start":{"line":31,"column":6},"end":{"line":33,"column":7}},"type":"if","locations":[{"start":{"line":31,"column":6},"end":{"line":33,"column":7}},{"start":{},"end":{}}],"line":31},"10":{"loc":{"start":{"line":31,"column":10},"end":{"line":31,"column":79}},"type":"binary-expr","locations":[{"start":{"line":31,"column":10},"end":{"line":31,"column":23}},{"start":{"line":31,"column":27},"end":{"line":31,"column":43}},{"start":{"line":31,"column":47},"end":{"line":31,"column":79}}],"line":31}},"s":{"0":2,"1":2020,"2":7,"3":7,"4":6,"5":7,"6":7,"7":7,"8":6,"9":2186,"10":2186,"11":24,"12":2186,"13":4,"14":6,"15":0,"16":0,"17":0,"18":0,"19":0,"20":0,"21":0,"22":7,"23":4,"24":6,"25":2},"f":{"0":2020,"1":7,"2":4,"3":6},"b":{"0":[6,1],"1":[6,1],"2":[24,2162],"3":[2186,28],"4":[4,2182],"5":[0,6],"6":[6,2],"7":[0,0],"8":[0,0,0],"9":[0,0],"10":[0,0,0]},"_coverageSchema":"1a1c01bbd47fc00a2c39e90264f33305004495a9","hash":"d1abac5dcf6f9c0a2377de2ffcb8d60ddd325bbf"}
}
