{"C:\\Users\\gabou\\Desktop\\Pokedex\\utils\\pokemonDom.js": {"path":"C:\\Users\\gabou\\Desktop\\Pokedex\\utils\\pokemonDom.js","statementMap":{"0":{"start":{"line":1,"column":27},"end":{"line":1,"column":52}},"1":{"start":{"line":5,"column":23},"end":{"line":5,"column":62}},"2":{"start":{"line":6,"column":22},"end":{"line":6,"column":60}},"3":{"start":{"line":8,"column":2},"end":{"line":8,"column":39}},"4":{"start":{"line":10,"column":22},"end":{"line":10,"column":43}},"5":{"start":{"line":12,"column":23},"end":{"line":12,"column":25}},"6":{"start":{"line":13,"column":2},"end":{"line":30,"column":3}},"7":{"start":{"line":14,"column":4},"end":{"line":29,"column":6}},"8":{"start":{"line":20,"column":22},"end":{"line":24,"column":11}},"9":{"start":{"line":32,"column":2},"end":{"line":38,"column":4}},"10":{"start":{"line":40,"column":2},"end":{"line":40,"column":41}},"11":{"start":{"line":45,"column":22},"end":{"line":45,"column":60}},"12":{"start":{"line":46,"column":23},"end":{"line":46,"column":62}},"13":{"start":{"line":48,"column":2},"end":{"line":48,"column":39}},"14":{"start":{"line":49,"column":2},"end":{"line":55,"column":4}},"15":{"start":{"line":56,"column":2},"end":{"line":56,"column":41}},"16":{"start":{"line":58,"column":2},"end":{"line":60,"column":10}},"17":{"start":{"line":59,"column":4},"end":{"line":59,"column":52}},"18":{"start":{"line":65,"column":22},"end":{"line":65,"column":60}},"19":{"start":{"line":66,"column":23},"end":{"line":66,"column":62}},"20":{"start":{"line":68,"column":2},"end":{"line":68,"column":39}},"21":{"start":{"line":69,"column":2},"end":{"line":75,"column":4}},"22":{"start":{"line":76,"column":2},"end":{"line":76,"column":41}},"23":{"start":{"line":81,"column":15},"end":{"line":81,"column":53}},"24":{"start":{"line":82,"column":23},"end":{"line":82,"column":62}},"25":{"start":{"line":84,"column":2},"end":{"line":84,"column":31}},"26":{"start":{"line":85,"column":2},"end":{"line":85,"column":42}},"27":{"start":{"line":87,"column":16},"end":{"line":87,"column":55}},"28":{"start":{"line":88,"column":2},"end":{"line":88,"column":30}},"29":{"start":{"line":88,"column":13},"end":{"line":88,"column":30}},"30":{"start":{"line":90,"column":2},"end":{"line":93,"column":5}},"31":{"start":{"line":96,"column":0},"end":{"line":101,"column":2}}},"fnMap":{"0":{"name":"showPokemonNotFound","decl":{"start":{"line":4,"column":9},"end":{"line":4,"column":28}},"loc":{"start":{"line":4,"column":36},"end":{"line":41,"column":1}},"line":4},"1":{"name":"(anonymous_1)","decl":{"start":{"line":20,"column":14},"end":{"line":20,"column":15}},"loc":{"start":{"line":20,"column":22},"end":{"line":24,"column":11}},"line":20},"2":{"name":"showEmptySearchError","decl":{"start":{"line":44,"column":9},"end":{"line":44,"column":29}},"loc":{"start":{"line":44,"column":32},"end":{"line":61,"column":1}},"line":44},"3":{"name":"(anonymous_3)","decl":{"start":{"line":58,"column":13},"end":{"line":58,"column":14}},"loc":{"start":{"line":58,"column":19},"end":{"line":60,"column":3}},"line":58},"4":{"name":"showTimeoutError","decl":{"start":{"line":64,"column":9},"end":{"line":64,"column":25}},"loc":{"start":{"line":64,"column":28},"end":{"line":77,"column":1}},"line":64},"5":{"name":"showDefaultCards","decl":{"start":{"line":80,"column":9},"end":{"line":80,"column":25}},"loc":{"start":{"line":80,"column":28},"end":{"line":94,"column":1}},"line":80}},"branchMap":{"0":{"loc":{"start":{"line":13,"column":2},"end":{"line":30,"column":3}},"type":"if","locations":[{"start":{"line":13,"column":2},"end":{"line":30,"column":3}},{"start":{},"end":{}}],"line":13},"1":{"loc":{"start":{"line":88,"column":2},"end":{"line":88,"column":30}},"type":"if","locations":[{"start":{"line":88,"column":2},"end":{"line":88,"column":30}},{"start":{},"end":{}}],"line":88}},"s":{"0":1,"1":2,"2":2,"3":2,"4":2,"5":2,"6":2,"7":1,"8":6,"9":2,"10":2,"11":1,"12":1,"13":1,"14":1,"15":1,"16":1,"17":1,"18":1,"19":1,"20":1,"21":1,"22":1,"23":1,"24":1,"25":1,"26":1,"27":1,"28":1,"29":1,"30":1,"31":1},"f":{"0":2,"1":6,"2":1,"3":1,"4":1,"5":1},"b":{"0":[1,1],"1":[1,0]},"_coverageSchema":"1a1c01bbd47fc00a2c39e90264f33305004495a9","hash":"27f4637222cb438faf70d3f2292a55340ee146d7"}
,"C:\\Users\\gabou\\Desktop\\Pokedex\\utils\\pokemonUtils.js": {"path":"C:\\Users\\gabou\\Desktop\\Pokedex\\utils\\pokemonUtils.js","statementMap":{"0":{"start":{"line":2,"column":20},"end":{"line":2,"column":63}},"1":{"start":{"line":2,"column":57},"end":{"line":2,"column":62}},"2":{"start":{"line":7,"column":24},"end":{"line":7,"column":40}},"3":{"start":{"line":8,"column":23},"end":{"line":8,"column":28}},"4":{"start":{"line":9,"column":2},"end":{"line":11,"column":3}},"5":{"start":{"line":10,"column":4},"end":{"line":10,"column":52}},"6":{"start":{"line":13,"column":19},"end":{"line":13,"column":44}},"7":{"start":{"line":14,"column":22},"end":{"line":14,"column":24}},"8":{"start":{"line":16,"column":2},"end":{"line":38,"column":3}},"9":{"start":{"line":17,"column":4},"end":{"line":23,"column":5}},"10":{"start":{"line":18,"column":20},"end":{"line":18,"column":33}},"11":{"start":{"line":19,"column":6},"end":{"line":21,"column":7}},"12":{"start":{"line":20,"column":8},"end":{"line":20,"column":29}},"13":{"start":{"line":22,"column":6},"end":{"line":22,"column":41}},"14":{"start":{"line":22,"column":35},"end":{"line":22,"column":41}},"15":{"start":{"line":26,"column":4},"end":{"line":37,"column":5}},"16":{"start":{"line":27,"column":26},"end":{"line":27,"column":56}},"17":{"start":{"line":28,"column":24},"end":{"line":28,"column":45}},"18":{"start":{"line":29,"column":6},"end":{"line":31,"column":7}},"19":{"start":{"line":30,"column":8},"end":{"line":30,"column":36}},"20":{"start":{"line":33,"column":23},"end":{"line":33,"column":46}},"21":{"start":{"line":34,"column":6},"end":{"line":36,"column":7}},"22":{"start":{"line":35,"column":8},"end":{"line":35,"column":35}},"23":{"start":{"line":40,"column":2},"end":{"line":40,"column":33}},"24":{"start":{"line":45,"column":2},"end":{"line":47,"column":14}},"25":{"start":{"line":46,"column":4},"end":{"line":46,"column":62}},"26":{"start":{"line":50,"column":0},"end":{"line":50,"column":52}}},"fnMap":{"0":{"name":"(anonymous_0)","decl":{"start":{"line":2,"column":47},"end":{"line":2,"column":48}},"loc":{"start":{"line":2,"column":57},"end":{"line":2,"column":62}},"line":2},"1":{"name":"findSimilarIds","decl":{"start":{"line":6,"column":9},"end":{"line":6,"column":23}},"loc":{"start":{"line":6,"column":50},"end":{"line":41,"column":1}},"line":6},"2":{"name":"capitalizeName","decl":{"start":{"line":44,"column":9},"end":{"line":44,"column":23}},"loc":{"start":{"line":44,"column":30},"end":{"line":48,"column":1}},"line":44},"3":{"name":"(anonymous_3)","decl":{"start":{"line":45,"column":29},"end":{"line":45,"column":30}},"loc":{"start":{"line":46,"column":4},"end":{"line":46,"column":62}},"line":46}},"branchMap":{"0":{"loc":{"start":{"line":6,"column":31},"end":{"line":6,"column":48}},"type":"default-arg","locations":[{"start":{"line":6,"column":37},"end":{"line":6,"column":48}}],"line":6},"1":{"loc":{"start":{"line":9,"column":2},"end":{"line":11,"column":3}},"type":"if","locations":[{"start":{"line":9,"column":2},"end":{"line":11,"column":3}},{"start":{},"end":{}}],"line":9},"2":{"loc":{"start":{"line":16,"column":2},"end":{"line":38,"column":3}},"type":"if","locations":[{"start":{"line":16,"column":2},"end":{"line":38,"column":3}},{"start":{},"end":{}}],"line":16},"3":{"loc":{"start":{"line":19,"column":6},"end":{"line":21,"column":7}},"type":"if","locations":[{"start":{"line":19,"column":6},"end":{"line":21,"column":7}},{"start":{},"end":{}}],"line":19},"4":{"loc":{"start":{"line":19,"column":10},"end":{"line":19,"column":64}},"type":"binary-expr","locations":[{"start":{"line":19,"column":10},"end":{"line":19,"column":34}},{"start":{"line":19,"column":38},"end":{"line":19,"column":64}}],"line":19},"5":{"loc":{"start":{"line":22,"column":6},"end":{"line":22,"column":41}},"type":"if","locations":[{"start":{"line":22,"column":6},"end":{"line":22,"column":41}},{"start":{},"end":{}}],"line":22},"6":{"loc":{"start":{"line":26,"column":4},"end":{"line":37,"column":5}},"type":"if","locations":[{"start":{"line":26,"column":4},"end":{"line":37,"column":5}},{"start":{},"end":{}}],"line":26},"7":{"loc":{"start":{"line":26,"column":8},"end":{"line":26,"column":61}},"type":"binary-expr","locations":[{"start":{"line":26,"column":8},"end":{"line":26,"column":32}},{"start":{"line":26,"column":36},"end":{"line":26,"column":61}}],"line":26},"8":{"loc":{"start":{"line":29,"column":6},"end":{"line":31,"column":7}},"type":"if","locations":[{"start":{"line":29,"column":6},"end":{"line":31,"column":7}},{"start":{},"end":{}}],"line":29},"9":{"loc":{"start":{"line":29,"column":10},"end":{"line":29,"column":82}},"type":"binary-expr","locations":[{"start":{"line":29,"column":10},"end":{"line":29,"column":24}},{"start":{"line":29,"column":28},"end":{"line":29,"column":45}},{"start":{"line":29,"column":49},"end":{"line":29,"column":82}}],"line":29},"10":{"loc":{"start":{"line":34,"column":6},"end":{"line":36,"column":7}},"type":"if","locations":[{"start":{"line":34,"column":6},"end":{"line":36,"column":7}},{"start":{},"end":{}}],"line":34},"11":{"loc":{"start":{"line":34,"column":10},"end":{"line":34,"column":79}},"type":"binary-expr","locations":[{"start":{"line":34,"column":10},"end":{"line":34,"column":23}},{"start":{"line":34,"column":27},"end":{"line":34,"column":43}},{"start":{"line":34,"column":47},"end":{"line":34,"column":79}}],"line":34}},"s":{"0":2,"1":2020,"2":7,"3":7,"4":7,"5":6,"6":7,"7":7,"8":7,"9":6,"10":1114,"11":1114,"12":10,"13":1114,"14":1,"15":6,"16":0,"17":0,"18":0,"19":0,"20":0,"21":0,"22":0,"23":7,"24":4,"25":6,"26":2},"f":{"0":2020,"1":7,"2":4,"3":6},"b":{"0":[2],"1":[6,1],"2":[6,1],"3":[10,1104],"4":[1114,14],"5":[1,1113],"6":[0,6],"7":[6,2],"8":[0,0],"9":[0,0,0],"10":[0,0],"11":[0,0,0]},"_coverageSchema":"1a1c01bbd47fc00a2c39e90264f33305004495a9","hash":"2dc4edbb6f78486d4d66e02ee3131982fb612114"}
}
