TN:
SF:utils\pokemonDom.js
FN:4,showPokemonNotFound
FN:20,(anonymous_1)
FN:44,showEmptySearchError
FN:58,(anonymous_3)
FN:64,showTimeoutError
FN:80,showDefaultCards
FNF:6
FNH:6
FNDA:2,showPokemonNotFound
FNDA:6,(anonymous_1)
FNDA:1,showEmptySearchError
FNDA:1,(anonymous_3)
FNDA:1,showTimeoutError
FNDA:1,showDefaultCards
DA:1,1
DA:5,2
DA:6,2
DA:8,2
DA:10,2
DA:12,2
DA:13,2
DA:14,1
DA:20,6
DA:32,2
DA:40,2
DA:45,1
DA:46,1
DA:48,1
DA:49,1
DA:56,1
DA:58,1
DA:59,1
DA:65,1
DA:66,1
DA:68,1
DA:69,1
DA:76,1
DA:81,1
DA:82,1
DA:84,1
DA:85,1
DA:87,1
DA:88,1
DA:90,1
DA:96,1
LF:31
LH:31
BRDA:13,0,0,1
BRDA:13,0,1,1
BRDA:88,1,0,1
BRDA:88,1,1,0
BRF:4
BRH:3
end_of_record
TN:
SF:utils\pokemonUtils.js
FN:2,(anonymous_0)
FN:6,findSimilarIds
FN:44,capitalizeName
FN:45,(anonymous_3)
FNF:4
FNH:4
FNDA:2020,(anonymous_0)
FNDA:7,findSimilarIds
FNDA:4,capitalizeName
FNDA:6,(anonymous_3)
DA:2,2020
DA:7,7
DA:8,7
DA:9,7
DA:10,6
DA:13,7
DA:14,7
DA:16,7
DA:17,6
DA:18,1114
DA:19,1114
DA:20,10
DA:22,1114
DA:26,6
DA:27,0
DA:28,0
DA:29,0
DA:30,0
DA:33,0
DA:34,0
DA:35,0
DA:40,7
DA:45,4
DA:46,6
DA:50,2
LF:25
LH:18
BRDA:6,0,0,2
BRDA:9,1,0,6
BRDA:9,1,1,1
BRDA:16,2,0,6
BRDA:16,2,1,1
BRDA:19,3,0,10
BRDA:19,3,1,1104
BRDA:19,4,0,1114
BRDA:19,4,1,14
BRDA:22,5,0,1
BRDA:22,5,1,1113
BRDA:26,6,0,0
BRDA:26,6,1,6
BRDA:26,7,0,6
BRDA:26,7,1,2
BRDA:29,8,0,0
BRDA:29,8,1,0
BRDA:29,9,0,0
BRDA:29,9,1,0
BRDA:29,9,2,0
BRDA:34,10,0,0
BRDA:34,10,1,0
BRDA:34,11,0,0
BRDA:34,11,1,0
BRDA:34,11,2,0
BRF:25
BRH:14
end_of_record
