TN:
SF:utils\pokemonDom.js
FN:4,showPokemonNotFound
FN:20,(anonymous_1)
FN:44,showEmptySearchError
FN:58,(anonymous_3)
FN:64,showTimeoutError
FN:80,showDefaultCards
FNF:6
FNH:6
FNDA:2,showPokemonNotFound
FNDA:6,(anonymous_1)
FNDA:1,showEmptySearchError
FNDA:1,(anonymous_3)
FNDA:1,showTimeoutError
FNDA:1,showDefaultCards
DA:1,1
DA:5,2
DA:6,2
DA:8,2
DA:10,2
DA:12,2
DA:13,2
DA:14,1
DA:20,6
DA:32,2
DA:40,2
DA:45,1
DA:46,1
DA:48,1
DA:49,1
DA:56,1
DA:58,1
DA:59,1
DA:65,1
DA:66,1
DA:68,1
DA:69,1
DA:76,1
DA:81,1
DA:82,1
DA:84,1
DA:85,1
DA:87,1
DA:88,1
DA:90,1
DA:96,1
LF:31
LH:31
BRDA:13,0,0,1
BRDA:13,0,1,1
BRDA:88,1,0,1
BRDA:88,1,1,0
BRF:4
BRH:3
end_of_record
TN:
SF:utils\pokemonUtils.js
FN:2,(anonymous_0)
FN:4,(anonymous_1)
FN:8,findSimilarIds
FN:59,capitalizeName
FN:60,(anonymous_4)
FNF:5
FNH:5
FNDA:2020,(anonymous_0)
FNDA:2020,(anonymous_1)
FNDA:7,findSimilarIds
FNDA:4,capitalizeName
FNDA:6,(anonymous_4)
DA:2,2020
DA:4,2020
DA:9,7
DA:10,7
DA:11,7
DA:12,6
DA:15,7
DA:16,7
DA:18,7
DA:19,6
DA:21,2
DA:22,1034
DA:23,1034
DA:24,1034
DA:25,6
DA:27,1034
DA:31,4
DA:32,80
DA:33,80
DA:34,4
DA:36,80
DA:41,6
DA:42,0
DA:43,0
DA:44,0
DA:45,0
DA:48,0
DA:49,0
DA:50,0
DA:55,7
DA:60,4
DA:61,6
DA:65,2
LF:33
LH:26
BRDA:8,0,0,2
BRDA:11,1,0,6
BRDA:11,1,1,1
BRDA:18,2,0,6
BRDA:18,2,1,1
BRDA:19,3,0,2
BRDA:19,3,1,4
BRDA:24,4,0,6
BRDA:24,4,1,1028
BRDA:24,5,0,1034
BRDA:24,5,1,7
BRDA:27,6,0,1
BRDA:27,6,1,1033
BRDA:33,7,0,4
BRDA:33,7,1,76
BRDA:33,8,0,80
BRDA:33,8,1,7
BRDA:36,9,0,0
BRDA:36,9,1,80
BRDA:41,10,0,0
BRDA:41,10,1,6
BRDA:41,11,0,6
BRDA:41,11,1,2
BRDA:44,12,0,0
BRDA:44,12,1,0
BRDA:44,13,0,0
BRDA:44,13,1,0
BRDA:44,13,2,0
BRDA:49,14,0,0
BRDA:49,14,1,0
BRDA:49,15,0,0
BRDA:49,15,1,0
BRDA:49,15,2,0
BRF:33
BRH:21
end_of_record
